0 info it worked if it ends with ok
1 verbose cli [ '/usr/local/Cellar/node/0.12.4/bin/node',
1 verbose cli   '/usr/local/bin/npm',
1 verbose cli   'install',
1 verbose cli   'node-uuid',
1 verbose cli   '--save' ]
2 info using npm@2.14.7
3 info using node@v4.2.1
4 verbose install initial load of /Volumes/untitled/Dev/chesms/package.json
5 warn package.json @ No repository field.
6 warn package.json @ No license field.
7 verbose installManyTop reading scoped package data from /Volumes/untitled/Dev/chesms/node_modules/accepts/package.json
8 verbose installManyTop reading scoped package data from /Volumes/untitled/Dev/chesms/node_modules/ansi-regex/package.json
9 verbose installManyTop reading scoped package data from /Volumes/untitled/Dev/chesms/node_modules/ansi-styles/package.json
10 verbose installManyTop reading scoped package data from /Volumes/untitled/Dev/chesms/node_modules/array-flatten/package.json
11 verbose installManyTop reading scoped package data from /Volumes/untitled/Dev/chesms/node_modules/asn1/package.json
12 verbose installManyTop reading scoped package data from /Volumes/untitled/Dev/chesms/node_modules/assert-plus/package.json
13 verbose installManyTop reading scoped package data from /Volumes/untitled/Dev/chesms/node_modules/async/package.json
14 verbose installManyTop reading scoped package data from /Volumes/untitled/Dev/chesms/node_modules/aws-sign2/package.json
15 verbose installManyTop reading scoped package data from /Volumes/untitled/Dev/chesms/node_modules/bl/package.json
16 verbose installManyTop reading scoped package data from /Volumes/untitled/Dev/chesms/node_modules/bluebird/package.json
17 verbose installManyTop reading scoped package data from /Volumes/untitled/Dev/chesms/node_modules/boom/package.json
18 verbose installManyTop reading scoped package data from /Volumes/untitled/Dev/chesms/node_modules/caseless/package.json
19 verbose installManyTop reading scoped package data from /Volumes/untitled/Dev/chesms/node_modules/chalk/package.json
20 verbose installManyTop reading scoped package data from /Volumes/untitled/Dev/chesms/node_modules/chess/package.json
21 verbose installManyTop reading scoped package data from /Volumes/untitled/Dev/chesms/node_modules/combined-stream/package.json
22 verbose installManyTop reading scoped package data from /Volumes/untitled/Dev/chesms/node_modules/commander/package.json
23 verbose installManyTop reading scoped package data from /Volumes/untitled/Dev/chesms/node_modules/content-disposition/package.json
24 verbose installManyTop reading scoped package data from /Volumes/untitled/Dev/chesms/node_modules/content-type/package.json
25 verbose installManyTop reading scoped package data from /Volumes/untitled/Dev/chesms/node_modules/cookie/package.json
26 verbose installManyTop reading scoped package data from /Volumes/untitled/Dev/chesms/node_modules/cookie-signature/package.json
27 verbose installManyTop reading scoped package data from /Volumes/untitled/Dev/chesms/node_modules/core-util-is/package.json
28 verbose installManyTop reading scoped package data from /Volumes/untitled/Dev/chesms/node_modules/cryptiles/package.json
29 verbose installManyTop reading scoped package data from /Volumes/untitled/Dev/chesms/node_modules/ctype/package.json
30 verbose installManyTop reading scoped package data from /Volumes/untitled/Dev/chesms/node_modules/debug/package.json
31 verbose installManyTop reading scoped package data from /Volumes/untitled/Dev/chesms/node_modules/delayed-stream/package.json
32 verbose installManyTop reading scoped package data from /Volumes/untitled/Dev/chesms/node_modules/depd/package.json
33 verbose installManyTop reading scoped package data from /Volumes/untitled/Dev/chesms/node_modules/deprecate/package.json
34 verbose installManyTop reading scoped package data from /Volumes/untitled/Dev/chesms/node_modules/destroy/package.json
35 verbose installManyTop reading scoped package data from /Volumes/untitled/Dev/chesms/node_modules/ee-first/package.json
36 verbose installManyTop reading scoped package data from /Volumes/untitled/Dev/chesms/node_modules/escape-html/package.json
37 verbose installManyTop reading scoped package data from /Volumes/untitled/Dev/chesms/node_modules/escape-string-regexp/package.json
38 verbose installManyTop reading scoped package data from /Volumes/untitled/Dev/chesms/node_modules/etag/package.json
39 verbose installManyTop reading scoped package data from /Volumes/untitled/Dev/chesms/node_modules/express/package.json
40 verbose installManyTop reading scoped package data from /Volumes/untitled/Dev/chesms/node_modules/finalhandler/package.json
41 verbose installManyTop reading scoped package data from /Volumes/untitled/Dev/chesms/node_modules/forever-agent/package.json
42 verbose installManyTop reading scoped package data from /Volumes/untitled/Dev/chesms/node_modules/form-data/package.json
43 verbose installManyTop reading scoped package data from /Volumes/untitled/Dev/chesms/node_modules/forwarded/package.json
44 verbose installManyTop reading scoped package data from /Volumes/untitled/Dev/chesms/node_modules/fresh/package.json
45 verbose installManyTop reading scoped package data from /Volumes/untitled/Dev/chesms/node_modules/generate-function/package.json
46 verbose installManyTop reading scoped package data from /Volumes/untitled/Dev/chesms/node_modules/generate-object-property/package.json
47 verbose installManyTop reading scoped package data from /Volumes/untitled/Dev/chesms/node_modules/graceful-readlink/package.json
48 verbose installManyTop reading scoped package data from /Volumes/untitled/Dev/chesms/node_modules/har-validator/package.json
49 verbose installManyTop reading scoped package data from /Volumes/untitled/Dev/chesms/node_modules/has-ansi/package.json
50 verbose installManyTop reading scoped package data from /Volumes/untitled/Dev/chesms/node_modules/hawk/package.json
51 verbose installManyTop reading scoped package data from /Volumes/untitled/Dev/chesms/node_modules/hoek/package.json
52 verbose installManyTop reading scoped package data from /Volumes/untitled/Dev/chesms/node_modules/http-errors/package.json
53 verbose installManyTop reading scoped package data from /Volumes/untitled/Dev/chesms/node_modules/http-signature/package.json
54 verbose installManyTop reading scoped package data from /Volumes/untitled/Dev/chesms/node_modules/inherits/package.json
55 verbose installManyTop reading scoped package data from /Volumes/untitled/Dev/chesms/node_modules/ipaddr.js/package.json
56 verbose installManyTop reading scoped package data from /Volumes/untitled/Dev/chesms/node_modules/is-my-json-valid/package.json
57 verbose installManyTop reading scoped package data from /Volumes/untitled/Dev/chesms/node_modules/is-property/package.json
58 verbose installManyTop reading scoped package data from /Volumes/untitled/Dev/chesms/node_modules/isarray/package.json
59 verbose installManyTop reading scoped package data from /Volumes/untitled/Dev/chesms/node_modules/isstream/package.json
60 verbose installManyTop reading scoped package data from /Volumes/untitled/Dev/chesms/node_modules/json-stringify-safe/package.json
61 verbose installManyTop reading scoped package data from /Volumes/untitled/Dev/chesms/node_modules/jsonpointer/package.json
62 verbose installManyTop reading scoped package data from /Volumes/untitled/Dev/chesms/node_modules/jwt-simple/package.json
63 verbose installManyTop reading scoped package data from /Volumes/untitled/Dev/chesms/node_modules/media-typer/package.json
64 verbose installManyTop reading scoped package data from /Volumes/untitled/Dev/chesms/node_modules/merge-descriptors/package.json
65 verbose installManyTop reading scoped package data from /Volumes/untitled/Dev/chesms/node_modules/methods/package.json
66 verbose installManyTop reading scoped package data from /Volumes/untitled/Dev/chesms/node_modules/mime/package.json
67 verbose installManyTop reading scoped package data from /Volumes/untitled/Dev/chesms/node_modules/mime-db/package.json
68 verbose installManyTop reading scoped package data from /Volumes/untitled/Dev/chesms/node_modules/mime-types/package.json
69 verbose installManyTop reading scoped package data from /Volumes/untitled/Dev/chesms/node_modules/ms/package.json
70 verbose installManyTop reading scoped package data from /Volumes/untitled/Dev/chesms/node_modules/negotiator/package.json
71 verbose installManyTop reading scoped package data from /Volumes/untitled/Dev/chesms/node_modules/node-chess/package.json
72 verbose installManyTop reading scoped package data from /Volumes/untitled/Dev/chesms/node_modules/node-uuid/package.json
73 verbose installManyTop reading scoped package data from /Volumes/untitled/Dev/chesms/node_modules/oauth-sign/package.json
74 verbose installManyTop reading scoped package data from /Volumes/untitled/Dev/chesms/node_modules/on-finished/package.json
75 verbose installManyTop reading scoped package data from /Volumes/untitled/Dev/chesms/node_modules/parseurl/package.json
76 verbose installManyTop reading scoped package data from /Volumes/untitled/Dev/chesms/node_modules/path-to-regexp/package.json
77 verbose installManyTop reading scoped package data from /Volumes/untitled/Dev/chesms/node_modules/pegjs/package.json
78 verbose installManyTop reading scoped package data from /Volumes/untitled/Dev/chesms/node_modules/proxy-addr/package.json
79 verbose installManyTop reading scoped package data from /Volumes/untitled/Dev/chesms/node_modules/q/package.json
80 verbose installManyTop reading scoped package data from /Volumes/untitled/Dev/chesms/node_modules/qs/package.json
81 verbose installManyTop reading scoped package data from /Volumes/untitled/Dev/chesms/node_modules/range-parser/package.json
82 verbose installManyTop reading scoped package data from /Volumes/untitled/Dev/chesms/node_modules/readable-stream/package.json
83 verbose installManyTop reading scoped package data from /Volumes/untitled/Dev/chesms/node_modules/request/package.json
84 verbose installManyTop reading scoped package data from /Volumes/untitled/Dev/chesms/node_modules/scmp/package.json
85 verbose installManyTop reading scoped package data from /Volumes/untitled/Dev/chesms/node_modules/send/package.json
86 verbose installManyTop reading scoped package data from /Volumes/untitled/Dev/chesms/node_modules/serve-static/package.json
87 verbose installManyTop reading scoped package data from /Volumes/untitled/Dev/chesms/node_modules/sntp/package.json
88 verbose installManyTop reading scoped package data from /Volumes/untitled/Dev/chesms/node_modules/statuses/package.json
89 verbose installManyTop reading scoped package data from /Volumes/untitled/Dev/chesms/node_modules/string.prototype.startswith/package.json
90 verbose installManyTop reading scoped package data from /Volumes/untitled/Dev/chesms/node_modules/string_decoder/package.json
91 verbose installManyTop reading scoped package data from /Volumes/untitled/Dev/chesms/node_modules/stringstream/package.json
92 verbose installManyTop reading scoped package data from /Volumes/untitled/Dev/chesms/node_modules/strip-ansi/package.json
93 verbose installManyTop reading scoped package data from /Volumes/untitled/Dev/chesms/node_modules/supports-color/package.json
94 verbose installManyTop reading scoped package data from /Volumes/untitled/Dev/chesms/node_modules/tough-cookie/package.json
95 verbose installManyTop reading scoped package data from /Volumes/untitled/Dev/chesms/node_modules/tunnel-agent/package.json
96 verbose installManyTop reading scoped package data from /Volumes/untitled/Dev/chesms/node_modules/twilio/package.json
97 verbose installManyTop reading scoped package data from /Volumes/untitled/Dev/chesms/node_modules/type-is/package.json
98 verbose installManyTop reading scoped package data from /Volumes/untitled/Dev/chesms/node_modules/underscore/package.json
99 verbose installManyTop reading scoped package data from /Volumes/untitled/Dev/chesms/node_modules/unpipe/package.json
100 verbose installManyTop reading scoped package data from /Volumes/untitled/Dev/chesms/node_modules/utils-merge/package.json
101 verbose installManyTop reading scoped package data from /Volumes/untitled/Dev/chesms/node_modules/vary/package.json
102 verbose installManyTop reading scoped package data from /Volumes/untitled/Dev/chesms/node_modules/xtend/package.json
103 info package.json asn1@0.1.11 No license field.
104 info package.json aws-sign2@0.5.0 No license field.
105 info package.json assert-plus@0.1.5 No license field.
106 info package.json caseless@0.9.0 license should be a valid SPDX license expression
107 info package.json combined-stream@0.0.7 No license field.
108 info package.json ctype@0.5.3 No license field.
109 info package.json delayed-stream@0.0.5 No license field.
110 info package.json form-data@0.2.0 No license field.
111 info package.json hawk@2.3.1 No license field.
112 info package.json jwt-simple@0.1.0 No license field.
113 info package.json mime@1.3.4 No license field.
114 info package.json ms@0.7.1 No license field.
115 info package.json pegjs@0.8.0 No license field.
116 info package.json q@0.9.7 license should be a valid SPDX license expression
117 info package.json oauth-sign@0.6.0 No license field.
118 info package.json qs@2.4.2 No license field.
119 info package.json scmp@0.0.3 license should be a valid SPDX license expression
120 info package.json string.prototype.startswith@0.2.0 No license field.
121 info package.json sntp@1.0.9 No license field.
122 info package.json tunnel-agent@0.4.1 No license field.
123 info package.json string_decoder@0.10.31 string_decoder is also the name of a node core module.
124 info package.json utils-merge@1.0.0 No license field.
125 info package.json xtend@4.0.0 No license field.
126 info package.json node-uuid@1.4.3 No license field.
127 verbose readDependencies loading dependencies from /Volumes/untitled/Dev/chesms/package.json
128 verbose install node-uuid is installed as 1.4.3
129 silly cache add args [ 'node-uuid', null ]
130 verbose cache add spec node-uuid
131 silly cache add parsed spec Result {
131 silly cache add   raw: 'node-uuid',
131 silly cache add   scope: null,
131 silly cache add   name: 'node-uuid',
131 silly cache add   rawSpec: '',
131 silly cache add   spec: '*',
131 silly cache add   type: 'range' }
132 silly addNamed node-uuid@*
133 verbose addNamed "*" is a valid semver range for node-uuid
134 silly addNameRange { name: 'node-uuid', range: '*', hasData: false }
135 silly mapToRegistry name node-uuid
136 silly mapToRegistry using default registry
137 silly mapToRegistry registry https://registry.npmjs.org/
138 silly mapToRegistry uri https://registry.npmjs.org/node-uuid
139 verbose addNameRange registry:https://registry.npmjs.org/node-uuid not in flight; fetching
140 verbose request uri https://registry.npmjs.org/node-uuid
141 verbose request no auth needed
142 info attempt registry request try #1 at 3:21:31 AM
143 verbose request using bearer token for auth
144 verbose request id a63e95f250482fd6
145 verbose etag "85RKQM7CYLSKWZELTMHO98MJI"
146 http request GET https://registry.npmjs.org/node-uuid
147 http 304 https://registry.npmjs.org/node-uuid
148 verbose headers { 'cache-control': 'max-age=60',
148 verbose headers   'accept-ranges': 'bytes',
148 verbose headers   date: 'Sun, 18 Oct 2015 10:21:33 GMT',
148 verbose headers   via: '1.1 varnish',
148 verbose headers   connection: 'keep-alive',
148 verbose headers   'x-served-by': 'cache-sjc3130-SJC',
148 verbose headers   'x-cache': 'MISS',
148 verbose headers   'x-cache-hits': '0',
148 verbose headers   'x-timer': 'S1445163693.251158,VS0,VE335' }
149 silly get cb [ 304,
149 silly get   { 'cache-control': 'max-age=60',
149 silly get     'accept-ranges': 'bytes',
149 silly get     date: 'Sun, 18 Oct 2015 10:21:33 GMT',
149 silly get     via: '1.1 varnish',
149 silly get     connection: 'keep-alive',
149 silly get     'x-served-by': 'cache-sjc3130-SJC',
149 silly get     'x-cache': 'MISS',
149 silly get     'x-cache-hits': '0',
149 silly get     'x-timer': 'S1445163693.251158,VS0,VE335' } ]
150 verbose etag https://registry.npmjs.org/node-uuid from cache
151 verbose get saving node-uuid to /Users/polydaic_mac/.npm/registry.npmjs.org/node-uuid/.cache.json
152 silly addNameRange number 2 { name: 'node-uuid', range: '*', hasData: true }
153 silly addNameRange versions [ 'node-uuid',
153 silly addNameRange   [ '1.2.0',
153 silly addNameRange     '1.3.0',
153 silly addNameRange     '1.3.1',
153 silly addNameRange     '1.3.2',
153 silly addNameRange     '1.1.0',
153 silly addNameRange     '1.0.0',
153 silly addNameRange     '1.3.3',
153 silly addNameRange     '1.4.0',
153 silly addNameRange     '1.4.1',
153 silly addNameRange     '1.4.2',
153 silly addNameRange     '1.4.3' ] ]
154 silly addNamed node-uuid@1.4.3
155 verbose addNamed "1.4.3" is a plain semver version for node-uuid
156 silly mapToRegistry name node-uuid
157 silly mapToRegistry using default registry
158 silly mapToRegistry registry https://registry.npmjs.org/
159 silly mapToRegistry uri https://registry.npmjs.org/node-uuid
160 verbose addRemoteTarball https://registry.npmjs.org/node-uuid/-/node-uuid-1.4.3.tgz not in flight; adding
161 verbose addRemoteTarball [ 'https://registry.npmjs.org/node-uuid/-/node-uuid-1.4.3.tgz',
161 verbose addRemoteTarball   '319bb7a56e7cb63f00b5c0cd7851cd4b4ddf1df9' ]
162 info retry fetch attempt 1 at 3:21:33 AM
163 info attempt registry request try #1 at 3:21:33 AM
164 http fetch GET https://registry.npmjs.org/node-uuid/-/node-uuid-1.4.3.tgz
165 verbose request using bearer token for auth
166 http fetch 200 https://registry.npmjs.org/node-uuid/-/node-uuid-1.4.3.tgz
167 silly fetchAndShaCheck shasum 319bb7a56e7cb63f00b5c0cd7851cd4b4ddf1df9
168 verbose addTmpTarball /var/folders/c2/f6b08tq17q75xxr5kbvmn8_h0000gn/T/npm-11665-cb601df2/registry.npmjs.org/node-uuid/-/node-uuid-1.4.3.tgz not in flight; adding
169 verbose addTmpTarball already have metadata; skipping unpack for node-uuid@1.4.3
170 silly cache afterAdd node-uuid@1.4.3
171 verbose afterAdd /Users/polydaic_mac/.npm/node-uuid/1.4.3/package/package.json not in flight; writing
172 verbose afterAdd /Users/polydaic_mac/.npm/node-uuid/1.4.3/package/package.json written
173 silly install resolved [ { name: 'node-uuid',
173 silly install resolved     description: 'Rigorous implementation of RFC4122 (v1 and v4) UUIDs.',
173 silly install resolved     url: 'http://github.com/broofa/node-uuid',
173 silly install resolved     keywords: [ 'uuid', 'guid', 'rfc4122' ],
173 silly install resolved     author: { name: 'Robert Kieffer', email: 'robert@broofa.com' },
173 silly install resolved     contributors: [ [Object] ],
173 silly install resolved     bin: { uuid: './bin/uuid' },
173 silly install resolved     scripts: { test: 'node test/test.js' },
173 silly install resolved     lib: '.',
173 silly install resolved     main: './uuid.js',
173 silly install resolved     repository: { type: 'git', url: 'https://github.com/broofa/node-uuid.git' },
173 silly install resolved     version: '1.4.3',
173 silly install resolved     licenses: [ [Object] ],
173 silly install resolved     gitHead: '886463c660a095dfebfa69603921a8d156fdb12c',
173 silly install resolved     bugs: { url: 'https://github.com/broofa/node-uuid/issues' },
173 silly install resolved     homepage: 'https://github.com/broofa/node-uuid',
173 silly install resolved     _id: 'node-uuid@1.4.3',
173 silly install resolved     _shasum: '319bb7a56e7cb63f00b5c0cd7851cd4b4ddf1df9',
173 silly install resolved     _from: 'node-uuid@*',
173 silly install resolved     _npmVersion: '1.4.28',
173 silly install resolved     _npmUser: { name: 'broofa', email: 'robert@broofa.com' },
173 silly install resolved     maintainers: [ [Object] ],
173 silly install resolved     dist:
173 silly install resolved      { shasum: '319bb7a56e7cb63f00b5c0cd7851cd4b4ddf1df9',
173 silly install resolved        tarball: 'http://registry.npmjs.org/node-uuid/-/node-uuid-1.4.3.tgz' },
173 silly install resolved     directories: {},
173 silly install resolved     _resolved: 'https://registry.npmjs.org/node-uuid/-/node-uuid-1.4.3.tgz' } ]
174 info install node-uuid@1.4.3 into /Volumes/untitled/Dev/chesms
175 info installOne node-uuid@1.4.3
176 verbose installOne of node-uuid to /Volumes/untitled/Dev/chesms not in flight; installing
177 warn locking Error: EACCES: permission denied, open '/Users/polydaic_mac/.npm/_locks/node-uuid-64588edf0e5e725c.lock'
177 warn locking     at Error (native)
177 warn locking  /Users/polydaic_mac/.npm/_locks/node-uuid-64588edf0e5e725c.lock failed { [Error: EACCES: permission denied, open '/Users/polydaic_mac/.npm/_locks/node-uuid-64588edf0e5e725c.lock']
177 warn locking   errno: -13,
177 warn locking   code: 'EACCES',
177 warn locking   syscall: 'open',
177 warn locking   path: '/Users/polydaic_mac/.npm/_locks/node-uuid-64588edf0e5e725c.lock' }
178 verbose stack Error: Attempt to unlock /Volumes/untitled/Dev/chesms/node_modules/node-uuid, which hasn't been locked
178 verbose stack     at unlock (/usr/local/lib/node_modules/npm/lib/utils/locker.js:64:11)
178 verbose stack     at cb (/usr/local/lib/node_modules/npm/lib/install.js:1018:5)
178 verbose stack     at /usr/local/lib/node_modules/npm/lib/install.js:1022:20
178 verbose stack     at /usr/local/lib/node_modules/npm/lib/utils/locker.js:39:7
178 verbose stack     at cb (/usr/local/lib/node_modules/npm/node_modules/lockfile/lockfile.js:149:38)
178 verbose stack     at /usr/local/lib/node_modules/npm/node_modules/lockfile/lockfile.js:177:38
178 verbose stack     at /usr/local/lib/node_modules/npm/node_modules/graceful-fs/graceful-fs.js:230:16
178 verbose stack     at FSReqWrap.oncomplete (fs.js:82:15)
179 verbose cwd /Volumes/untitled/Dev/chesms
180 error Darwin 13.4.0
181 error argv "/usr/local/Cellar/node/0.12.4/bin/node" "/usr/local/bin/npm" "install" "node-uuid" "--save"
182 error node v4.2.1
183 error npm  v2.14.7
184 error Attempt to unlock /Volumes/untitled/Dev/chesms/node_modules/node-uuid, which hasn't been locked
185 error If you need help, you may report this error at:
185 error     <https://github.com/npm/npm/issues>
186 verbose exit [ 1, true ]
